
Start NCut for gFN fusion using PyTorch at 2023-09-02 22:28:32

 NcutValue = 125.86937485329173
 NcutValue = 116.5144534958921
 NcutValue = 113.10420830593469
 NcutValue = 111.64113719337274
 NcutValue = 110.00494512573053

Reach stop criterion of NCut, NcutValue = 110.00494512573053

 NcutValue = 124.56257360127111
 NcutValue = 116.15682854892572
 NcutValue = 114.04529557888739
 NcutValue = 113.1764647587865

Reach stop criterion of NCut, NcutValue = 113.1764647587865

 NcutValue = 128.99534833800928
 NcutValue = 116.51491865046177
 NcutValue = 112.70044424192395
 NcutValue = 111.19355079571508
 NcutValue = 110.14075253410167
 NcutValue = 108.84259096641574
 NcutValue = 107.35223133912018
 NcutValue = 106.63954268765298
 NcutValue = 105.45080075677527
 NcutValue = 105.09324842356753

Reach stop criterion of NCut, NcutValue = 105.09324842356753

 NcutValue = 132.36180890290544
 NcutValue = 121.26822788259099
 NcutValue = 115.04559520737044
 NcutValue = 113.33274222812128
 NcutValue = 112.7891248002856
 NcutValue = 112.11327630384193
 NcutValue = 111.07562358629616
 NcutValue = 110.6530456590479
 NcutValue = 110.49832941854004

Reach stop criterion of NCut, NcutValue = 110.49832941854004

 NcutValue = 130.7182259190053
 NcutValue = 116.40218414397481
 NcutValue = 114.40326216361507
 NcutValue = 113.87185434194109

Reach stop criterion of NCut, NcutValue = 113.87185434194109

 NcutValue = 126.29920993094308
 NcutValue = 117.61416842836576
 NcutValue = 114.12337761965355
 NcutValue = 112.24136960390555
 NcutValue = 111.97931967199764
 NcutValue = 111.68960050425176

Reach stop criterion of NCut, NcutValue = 111.68960050425176

 NcutValue = 129.65738482216213
 NcutValue = 120.49357845742799
 NcutValue = 116.85372479950888
 NcutValue = 114.92416371468269
 NcutValue = 114.69538101832319

Reach stop criterion of NCut, NcutValue = 114.69538101832319

 NcutValue = 119.33783337187361
 NcutValue = 113.00798908033138

Reach stop criterion of NCut, NcutValue = 113.00798908033138

 NcutValue = 122.78612301546113
 NcutValue = 115.8049159487309
 NcutValue = 114.24932130992192
 NcutValue = 112.81851291259204
 NcutValue = 110.90607518514443
 NcutValue = 109.63833783303664
 NcutValue = 107.79032037729729
 NcutValue = 105.95430431797581
 NcutValue = 105.48305441862757
 NcutValue = 105.29920384610179

Reach stop criterion of NCut, NcutValue = 105.29920384610179

 NcutValue = 125.20943673855183
 NcutValue = 117.54874364587431
 NcutValue = 114.71659354358681
 NcutValue = 114.32397297967515
 NcutValue = 114.03559869834558
 NcutValue = 113.38118272268693
 NcutValue = 112.47477981837898
 NcutValue = 112.30196865806491

Reach stop criterion of NCut, NcutValue = 112.30196865806491

 NcutValue = 122.78612301546124
 NcutValue = 115.80491594873095
 NcutValue = 114.24932130992195
 NcutValue = 112.81851291259198
 NcutValue = 110.90607518514443
 NcutValue = 109.63833783303664
 NcutValue = 107.79032037729729
 NcutValue = 105.95430431797587
 NcutValue = 105.4830544186276
 NcutValue = 105.29920384610188

Reach stop criterion of NCut, NcutValue = 105.29920384610188

 NcutValue = 125.50325306719674
 NcutValue = 114.87678953703266
 NcutValue = 113.2592247913617
 NcutValue = 110.68744917303374
 NcutValue = 108.67182570387729
 NcutValue = 107.46191663960772
 NcutValue = 106.41790785803792
 NcutValue = 106.01578060331593
 NcutValue = 105.80581370481318
 NcutValue = 105.6422163681105

Reach stop criterion of NCut, NcutValue = 105.6422163681105

 NcutValue = 125.86937485329176
 NcutValue = 116.51445349589224
 NcutValue = 113.10420830593469
 NcutValue = 111.64113719337286
 NcutValue = 110.00494512573047

Reach stop criterion of NCut, NcutValue = 110.00494512573047

 NcutValue = 126.56480063498125
 NcutValue = 115.06092448942817
 NcutValue = 112.26851007024686
 NcutValue = 109.7251765950443
 NcutValue = 109.54653381012838
 NcutValue = 109.33351481072776
 NcutValue = 109.15810801012748

Reach stop criterion of NCut, NcutValue = 109.15810801012748

 NcutValue = 128.00174491059056
 NcutValue = 118.21047610794506
 NcutValue = 115.45917327314609
 NcutValue = 113.44651161904284
 NcutValue = 111.97366914596407
 NcutValue = 110.65679377785756
 NcutValue = 110.00068672323104
 NcutValue = 108.31605534188915
 NcutValue = 107.16626910151882
 NcutValue = 106.68692450916686

Reach stop criterion of NCut, NcutValue = 106.68692450916686

 NcutValue = 127.01481542676476
 NcutValue = 119.33761538017183
 NcutValue = 117.12843521219969
 NcutValue = 116.1436696866005
 NcutValue = 114.96647093743309
 NcutValue = 114.4089110172396
 NcutValue = 114.02156070882947
 NcutValue = 113.80178701449506
 NcutValue = 113.64216598086821

Reach stop criterion of NCut, NcutValue = 113.64216598086821

 NcutValue = 117.47700768597639
 NcutValue = 109.39374751730668
 NcutValue = 107.9849956840421
 NcutValue = 106.85030875265673
 NcutValue = 106.36863028566538

Reach stop criterion of NCut, NcutValue = 106.36863028566538

 NcutValue = 121.56779258863841
 NcutValue = 112.36784969470932
 NcutValue = 109.98829484367278
 NcutValue = 108.70751300941498
 NcutValue = 107.74973565704241
 NcutValue = 107.54847023416136
 NcutValue = 107.36310849844628
 NcutValue = 107.08323899954206
 NcutValue = 106.85830910545124
 NcutValue = 106.70471819470026

Reach stop criterion of NCut, NcutValue = 106.70471819470026

 NcutValue = 126.4295519813177
 NcutValue = 116.9897980852929
 NcutValue = 114.1101248019288
 NcutValue = 110.86686058509338
 NcutValue = 109.72720168172907
 NcutValue = 108.87414990139686
 NcutValue = 108.53836465967589

Reach stop criterion of NCut, NcutValue = 108.53836465967589

 NcutValue = 128.00174491059056
 NcutValue = 118.21047610794506
 NcutValue = 115.45917327314609
 NcutValue = 113.44651161904284
 NcutValue = 111.97366914596407
 NcutValue = 110.65679377785756
 NcutValue = 110.00068672323104
 NcutValue = 108.31605534188915
 NcutValue = 107.16626910151882
 NcutValue = 106.68692450916686

Reach stop criterion of NCut, NcutValue = 106.68692450916686

 NcutValue = 131.0945341661708
 NcutValue = 117.14344016486862
 NcutValue = 110.01145522639726
 NcutValue = 107.31150023625085
 NcutValue = 106.46948469340745
 NcutValue = 105.74037758185978
 NcutValue = 105.08849777073087
 NcutValue = 104.89978356988041

Reach stop criterion of NCut, NcutValue = 104.89978356988041

 NcutValue = 117.47700768597639
 NcutValue = 109.39374751730668
 NcutValue = 107.9849956840421
 NcutValue = 106.85030875265673
 NcutValue = 106.36863028566538

Reach stop criterion of NCut, NcutValue = 106.36863028566538

 NcutValue = 124.91290150954984
 NcutValue = 115.22750246160427
 NcutValue = 113.3826454009793
 NcutValue = 111.72994072998904
 NcutValue = 111.01880567341985
 NcutValue = 110.51723842944216

Reach stop criterion of NCut, NcutValue = 110.51723842944216

 NcutValue = 122.47283910942883
 NcutValue = 112.27079369278366
 NcutValue = 108.32487751102593
 NcutValue = 107.24875397100024
 NcutValue = 106.32071397352428
 NcutValue = 106.1534204951943
 NcutValue = 105.98198188283556
 NcutValue = 105.78680097733766

Reach stop criterion of NCut, NcutValue = 105.78680097733766

 NcutValue = 125.62523840074599
 NcutValue = 115.82755674556194
 NcutValue = 112.6797238572878
 NcutValue = 112.26046278357038
 NcutValue = 111.64243618761284
 NcutValue = 110.28218275249688
 NcutValue = 109.29458800841525
 NcutValue = 108.33956043966609
 NcutValue = 108.11324029724423
 NcutValue = 107.92913017721196

Reach stop criterion of NCut, NcutValue = 107.92913017721196

 NcutValue = 124.23405530102855
 NcutValue = 112.42873825587733
 NcutValue = 108.5964198067843
 NcutValue = 106.99701957724034
 NcutValue = 106.72253469796152
 NcutValue = 106.56476001839923

Reach stop criterion of NCut, NcutValue = 106.56476001839923

 NcutValue = 122.30659496600595
 NcutValue = 111.21870790290126
 NcutValue = 110.1965538402963
 NcutValue = 110.02469273305374
 NcutValue = 109.63489302900282

Reach stop criterion of NCut, NcutValue = 109.63489302900282

 NcutValue = 118.49196543740106
 NcutValue = 111.65773004237056
 NcutValue = 109.05837047844949
 NcutValue = 107.66463620240845
 NcutValue = 107.1555829967964
 NcutValue = 106.1964547704294
 NcutValue = 105.0720709814924
 NcutValue = 104.79612524960385

Reach stop criterion of NCut, NcutValue = 104.79612524960385

 NcutValue = 130.14716242769543
 NcutValue = 120.37483116689364
 NcutValue = 117.04085443413729
 NcutValue = 115.26818820653335
 NcutValue = 113.13829525880959
 NcutValue = 112.36924257845195
 NcutValue = 112.00439789642576
 NcutValue = 111.83825727961869
 NcutValue = 111.67134907972536
 NcutValue = 111.4689711067426
 NcutValue = 111.24482312140157

Reach stop criterion of NCut, NcutValue = 111.24482312140157

 NcutValue = 127.8449768050807
 NcutValue = 115.80172214064643
 NcutValue = 112.42574975348398
 NcutValue = 110.20711823408638
 NcutValue = 108.43784848553426
 NcutValue = 107.84830587295932

Reach stop criterion of NCut, NcutValue = 107.84830587295932

 NcutValue = 126.28247532820623
 NcutValue = 115.63391516530754
 NcutValue = 112.69091546350316
 NcutValue = 110.06730267135595
 NcutValue = 108.7445398744681
 NcutValue = 107.85874672697287
 NcutValue = 106.35657750529268
 NcutValue = 105.72706544651368
 NcutValue = 105.32907971507584
 NcutValue = 104.855264363734
 NcutValue = 104.5024153529618
 NcutValue = 104.31798149204371

Reach stop criterion of NCut, NcutValue = 104.31798149204371

 NcutValue = 132.36180890290538
 NcutValue = 121.2682278825909
 NcutValue = 115.04559520737041
 NcutValue = 113.33274222812119
 NcutValue = 112.78912480028566
 NcutValue = 112.1132763038419
 NcutValue = 111.07562358629616
 NcutValue = 110.65304565904802
 NcutValue = 110.49832941854012

Reach stop criterion of NCut, NcutValue = 110.49832941854012

 NcutValue = 125.90867241160882
 NcutValue = 116.20037857377488
 NcutValue = 113.84963833079442
 NcutValue = 112.03220341098674
 NcutValue = 111.18684269400771
 NcutValue = 110.4338251170411
 NcutValue = 110.21529352918003
 NcutValue = 109.94311662034931

Reach stop criterion of NCut, NcutValue = 109.94311662034931

 NcutValue = 128.52172918835498
 NcutValue = 121.32897897881148
 NcutValue = 119.43446193415784
 NcutValue = 118.89640031521228
 NcutValue = 118.40294959467403
 NcutValue = 117.91750517174535
 NcutValue = 117.48919099904214
 NcutValue = 117.1059081522327
 NcutValue = 116.79461855858833

Reach stop criterion of NCut, NcutValue = 116.79461855858833

 NcutValue = 122.78612301546124
 NcutValue = 115.80491594873095
 NcutValue = 114.24932130992195
 NcutValue = 112.81851291259198
 NcutValue = 110.90607518514443
 NcutValue = 109.63833783303664
 NcutValue = 107.79032037729729
 NcutValue = 105.95430431797587
 NcutValue = 105.4830544186276
 NcutValue = 105.29920384610188

Reach stop criterion of NCut, NcutValue = 105.29920384610188

 NcutValue = 122.48543578293629
 NcutValue = 114.1960171076685
 NcutValue = 111.37883410438033
 NcutValue = 109.82398156527157
 NcutValue = 109.4126104868273
 NcutValue = 109.21583099469578
 NcutValue = 108.99617416478998

Reach stop criterion of NCut, NcutValue = 108.99617416478998

 NcutValue = 127.22704979412603
 NcutValue = 117.49370606778479
 NcutValue = 114.63919023949938
 NcutValue = 112.56459736872858
 NcutValue = 111.84599593179468
 NcutValue = 111.34242420589194
 NcutValue = 111.08868288278177
 NcutValue = 110.7792352108535
 NcutValue = 110.31337543292253
 NcutValue = 110.05818321956687

Reach stop criterion of NCut, NcutValue = 110.05818321956687

 NcutValue = 122.47283910942883
 NcutValue = 112.27079369278366
 NcutValue = 108.32487751102593
 NcutValue = 107.24875397100024
 NcutValue = 106.32071397352428
 NcutValue = 106.1534204951943
 NcutValue = 105.98198188283556
 NcutValue = 105.78680097733766

Reach stop criterion of NCut, NcutValue = 105.78680097733766

 NcutValue = 129.65738482216216
 NcutValue = 120.49357845742799
 NcutValue = 116.85372479950888
 NcutValue = 114.92416371468278
 NcutValue = 114.69538101832325

Reach stop criterion of NCut, NcutValue = 114.69538101832325

 NcutValue = 125.57893583670091
 NcutValue = 114.78022566128371
 NcutValue = 113.280321549989
 NcutValue = 111.75459814621553
 NcutValue = 110.74512622122774
 NcutValue = 110.33042168884398
 NcutValue = 109.80548276813624
 NcutValue = 109.53302570431399

Reach stop criterion of NCut, NcutValue = 109.53302570431399

 NcutValue = 118.49196543740106
 NcutValue = 111.65773004237056
 NcutValue = 109.05837047844949
 NcutValue = 107.66463620240845
 NcutValue = 107.1555829967964
 NcutValue = 106.1964547704294
 NcutValue = 105.0720709814924
 NcutValue = 104.79612524960385

Reach stop criterion of NCut, NcutValue = 104.79612524960385

 NcutValue = 124.99851694226365
 NcutValue = 113.04508083665905
 NcutValue = 110.5985116334048
 NcutValue = 110.05503302135901
 NcutValue = 109.55067527857423
 NcutValue = 108.97753837074384
 NcutValue = 108.59455694783497
 NcutValue = 108.40899846220572
 NcutValue = 108.23666477122299
 NcutValue = 108.08935815672612

Reach stop criterion of NCut, NcutValue = 108.08935815672612

 NcutValue = 129.63455840885146
 NcutValue = 117.28114394339866
 NcutValue = 113.4193939269762
 NcutValue = 112.2806180548514
 NcutValue = 112.02485647661979
 NcutValue = 111.8359498098865

Reach stop criterion of NCut, NcutValue = 111.8359498098865

 NcutValue = 126.04035213251123
 NcutValue = 114.63766964335713
 NcutValue = 111.15324313057238
 NcutValue = 109.74885289793912
 NcutValue = 108.9792580171677
 NcutValue = 108.46946053704798

Reach stop criterion of NCut, NcutValue = 108.46946053704798

 NcutValue = 129.2998288245585
 NcutValue = 120.15971659919094
 NcutValue = 117.61514851618517
 NcutValue = 114.91583473698088
 NcutValue = 112.97603537334851
 NcutValue = 111.75212942605015
 NcutValue = 111.19492255673958
 NcutValue = 110.61688918378374
 NcutValue = 110.39336453711422

Reach stop criterion of NCut, NcutValue = 110.39336453711422

 NcutValue = 128.72093094257323
 NcutValue = 119.26297085718414
 NcutValue = 116.3217291434465
 NcutValue = 114.34364988667431
 NcutValue = 112.80097675350737
 NcutValue = 111.77785526477265
 NcutValue = 110.87087837971117

Reach stop criterion of NCut, NcutValue = 110.87087837971117

 NcutValue = 125.94708547705855
 NcutValue = 117.53247534992153
 NcutValue = 114.30952893954878
 NcutValue = 113.3918574758861
 NcutValue = 112.26352664865794
 NcutValue = 111.63490628929941
 NcutValue = 110.61045195511014
 NcutValue = 109.7772170902727

Reach stop criterion of NCut, NcutValue = 109.7772170902727

 NcutValue = 118.49196543740106
 NcutValue = 111.65773004237056
 NcutValue = 109.05837047844949
 NcutValue = 107.66463620240845
 NcutValue = 107.1555829967964
 NcutValue = 106.1964547704294
 NcutValue = 105.0720709814924
 NcutValue = 104.79612524960385

Reach stop criterion of NCut, NcutValue = 104.79612524960385

 NcutValue = 127.01481542676481
 NcutValue = 119.33761538017185
 NcutValue = 117.12843521219966
 NcutValue = 116.14366968660059
 NcutValue = 114.96647093743312
 NcutValue = 114.40891101723955
 NcutValue = 114.02156070882944
 NcutValue = 113.80178701449512
 NcutValue = 113.64216598086824

Reach stop criterion of NCut, NcutValue = 113.64216598086824

 NcutValue = 123.0800673642774
 NcutValue = 113.60435391625543
 NcutValue = 110.52147081458074
 NcutValue = 109.31176063039266
 NcutValue = 108.65215897217914
 NcutValue = 108.24835269505411
 NcutValue = 107.72313961942842
 NcutValue = 107.36297361914646

Reach stop criterion of NCut, NcutValue = 107.36297361914646

 NcutValue = 119.78552244405648
 NcutValue = 110.42118752474735
 NcutValue = 108.52706373273722
 NcutValue = 107.56037786265784

Reach stop criterion of NCut, NcutValue = 107.56037786265784

 NcutValue = 122.97575928804781
 NcutValue = 116.84171637740323
 NcutValue = 114.81845516563058
 NcutValue = 113.58342405488568
 NcutValue = 112.24529659063768
 NcutValue = 111.66899954077536

Reach stop criterion of NCut, NcutValue = 111.66899954077536

 NcutValue = 124.34466086147918
 NcutValue = 111.82279324536879
 NcutValue = 108.15902026004832
 NcutValue = 107.12499832287122
 NcutValue = 106.24998131705513
 NcutValue = 105.73088948004474
 NcutValue = 105.4938053942407

Reach stop criterion of NCut, NcutValue = 105.4938053942407

 NcutValue = 135.0023974851661
 NcutValue = 119.72773870064461
 NcutValue = 112.75809703799138
 NcutValue = 108.99471311742437
 NcutValue = 108.17499053721505
 NcutValue = 107.9128836240476
 NcutValue = 107.7475346951237

Reach stop criterion of NCut, NcutValue = 107.7475346951237

 NcutValue = 122.48543578293629
 NcutValue = 114.1960171076685
 NcutValue = 111.37883410438033
 NcutValue = 109.82398156527157
 NcutValue = 109.4126104868273
 NcutValue = 109.21583099469578
 NcutValue = 108.99617416478998

Reach stop criterion of NCut, NcutValue = 108.99617416478998

 NcutValue = 122.80451614502437
 NcutValue = 115.50271831975658
 NcutValue = 113.23327101108839
 NcutValue = 111.6005801146182
 NcutValue = 110.18333414403966
 NcutValue = 109.44916528933078

Reach stop criterion of NCut, NcutValue = 109.44916528933078

 NcutValue = 128.99534833800928
 NcutValue = 116.51491865046177
 NcutValue = 112.70044424192395
 NcutValue = 111.19355079571508
 NcutValue = 110.14075253410167
 NcutValue = 108.84259096641574
 NcutValue = 107.35223133912018
 NcutValue = 106.63954268765298
 NcutValue = 105.45080075677527
 NcutValue = 105.09324842356753

Reach stop criterion of NCut, NcutValue = 105.09324842356753

 NcutValue = 123.78457837330225
 NcutValue = 111.73736600122805
 NcutValue = 110.25212592126852
 NcutValue = 108.80159816509129
 NcutValue = 108.67065814784064

Reach stop criterion of NCut, NcutValue = 108.67065814784064

 NcutValue = 126.83011955596021
 NcutValue = 115.45197318791185
 NcutValue = 113.01076025436856
 NcutValue = 111.77733612978119
 NcutValue = 111.18089374896934
 NcutValue = 110.89336993101608
 NcutValue = 109.91210362186192
 NcutValue = 109.51197516560777
 NcutValue = 109.23088408216702
 NcutValue = 109.06362089043535

Reach stop criterion of NCut, NcutValue = 109.06362089043535

 NcutValue = 128.7151088737108
 NcutValue = 118.47550489924302
 NcutValue = 113.04105799538704
 NcutValue = 110.98253595230247
 NcutValue = 108.69416585662498
 NcutValue = 107.82485548333386
 NcutValue = 107.65641253087563
 NcutValue = 107.47700417508852
 NcutValue = 107.14660835289993

Reach stop criterion of NCut, NcutValue = 107.14660835289993

 NcutValue = 129.72637491649294
 NcutValue = 118.59068145939256
 NcutValue = 114.61414016451275
 NcutValue = 111.8263885855101
 NcutValue = 111.49290300072892

Reach stop criterion of NCut, NcutValue = 111.49290300072892

 NcutValue = 124.23405530102855
 NcutValue = 112.42873825587733
 NcutValue = 108.5964198067843
 NcutValue = 106.99701957724034
 NcutValue = 106.72253469796152
 NcutValue = 106.56476001839923

Reach stop criterion of NCut, NcutValue = 106.56476001839923

 NcutValue = 126.04035213251126
 NcutValue = 114.63766964335707
 NcutValue = 111.15324313057232
 NcutValue = 109.7488528979392
 NcutValue = 108.9792580171677
 NcutValue = 108.46946053704801

Reach stop criterion of NCut, NcutValue = 108.46946053704801

 NcutValue = 126.56480063498131
 NcutValue = 115.0609244894282
 NcutValue = 112.26851007024689
 NcutValue = 109.72517659504427
 NcutValue = 109.54653381012844
 NcutValue = 109.33351481072776
 NcutValue = 109.15810801012748

Reach stop criterion of NCut, NcutValue = 109.15810801012748

 NcutValue = 124.91290150954984
 NcutValue = 115.22750246160427
 NcutValue = 113.3826454009793
 NcutValue = 111.72994072998904
 NcutValue = 111.01880567341985
 NcutValue = 110.51723842944216

Reach stop criterion of NCut, NcutValue = 110.51723842944216

 NcutValue = 124.76811165299952
 NcutValue = 113.34348287887667
 NcutValue = 110.53064518130398
 NcutValue = 109.32915027317753
 NcutValue = 108.98221381652831
 NcutValue = 108.66402529189187
 NcutValue = 108.51009956128573
 NcutValue = 108.32690516477388
 NcutValue = 107.82429686184142
 NcutValue = 107.50575878158605

Reach stop criterion of NCut, NcutValue = 107.50575878158605

 NcutValue = 128.52172918835498
 NcutValue = 121.32897897881148
 NcutValue = 119.43446193415784
 NcutValue = 118.89640031521228
 NcutValue = 118.40294959467403
 NcutValue = 117.91750517174535
 NcutValue = 117.48919099904214
 NcutValue = 117.1059081522327
 NcutValue = 116.79461855858833

Reach stop criterion of NCut, NcutValue = 116.79461855858833

 NcutValue = 128.30317752618785
 NcutValue = 115.26506381529771
 NcutValue = 111.33391065461373
 NcutValue = 109.74426614977244
 NcutValue = 109.35858943219424
 NcutValue = 108.90411402526914
 NcutValue = 108.74001090323657

Reach stop criterion of NCut, NcutValue = 108.74001090323657

 NcutValue = 123.78457837330228
 NcutValue = 111.73736600122797
 NcutValue = 110.25212592126846
 NcutValue = 108.80159816509135
 NcutValue = 108.67065814784056

Reach stop criterion of NCut, NcutValue = 108.67065814784056

 NcutValue = 124.24125032661263
 NcutValue = 113.94129299997311
 NcutValue = 112.501004191487
 NcutValue = 111.71916983845088
 NcutValue = 111.04690577026543
 NcutValue = 110.31983954567622
 NcutValue = 108.98495703255134
 NcutValue = 108.6461380053041

Reach stop criterion of NCut, NcutValue = 108.6461380053041

 NcutValue = 124.37556526977806
 NcutValue = 115.1281068440374
 NcutValue = 112.53123087645722
 NcutValue = 111.1399232140927
 NcutValue = 110.82128106200787

Reach stop criterion of NCut, NcutValue = 110.82128106200787

 NcutValue = 123.0800673642774
 NcutValue = 113.60435391625543
 NcutValue = 110.52147081458074
 NcutValue = 109.31176063039266
 NcutValue = 108.65215897217914
 NcutValue = 108.24835269505411
 NcutValue = 107.72313961942842
 NcutValue = 107.36297361914646

Reach stop criterion of NCut, NcutValue = 107.36297361914646

 NcutValue = 127.00567195586103
 NcutValue = 119.86825232850279
 NcutValue = 116.38229998395965
 NcutValue = 114.3910428487062
 NcutValue = 112.89330272440563
 NcutValue = 111.6314742505619
 NcutValue = 109.97283902481192
 NcutValue = 109.62098889022656
 NcutValue = 109.44820312086122
 NcutValue = 109.10700253785328
 NcutValue = 108.63060208436579

Reach stop criterion of NCut, NcutValue = 108.63060208436579

 NcutValue = 127.00567195586103
 NcutValue = 119.86825232850279
 NcutValue = 116.38229998395965
 NcutValue = 114.3910428487062
 NcutValue = 112.89330272440563
 NcutValue = 111.6314742505619
 NcutValue = 109.97283902481192
 NcutValue = 109.62098889022656
 NcutValue = 109.44820312086122
 NcutValue = 109.10700253785328
 NcutValue = 108.63060208436579

Reach stop criterion of NCut, NcutValue = 108.63060208436579

 NcutValue = 119.33783337187361
 NcutValue = 113.00798908033138

Reach stop criterion of NCut, NcutValue = 113.00798908033138

 NcutValue = 126.56480063498131
 NcutValue = 115.0609244894282
 NcutValue = 112.26851007024689
 NcutValue = 109.72517659504427
 NcutValue = 109.54653381012844
 NcutValue = 109.33351481072776
 NcutValue = 109.15810801012748

Reach stop criterion of NCut, NcutValue = 109.15810801012748

 NcutValue = 128.72093094257318
 NcutValue = 119.26297085718409
 NcutValue = 116.32172914344645
 NcutValue = 114.34364988667437
 NcutValue = 112.80097675350729
 NcutValue = 111.77785526477285
 NcutValue = 110.87087837971112

Reach stop criterion of NCut, NcutValue = 110.87087837971112

 NcutValue = 127.8449768050807
 NcutValue = 115.80172214064643
 NcutValue = 112.42574975348398
 NcutValue = 110.20711823408638
 NcutValue = 108.43784848553426
 NcutValue = 107.84830587295932

Reach stop criterion of NCut, NcutValue = 107.84830587295932

 NcutValue = 133.51240568586508
 NcutValue = 121.61562074897753
 NcutValue = 118.27211747148678
 NcutValue = 116.48318855714507
 NcutValue = 115.08896837919562
 NcutValue = 113.53356454858255
 NcutValue = 113.18661283528678
 NcutValue = 113.00044135457071
 NcutValue = 112.7789066824655
 NcutValue = 112.51288930760614
 NcutValue = 112.28347708241722
 NcutValue = 112.05051358215985
 NcutValue = 111.87934675049178
 NcutValue = 111.25443926511787
 NcutValue = 110.57536401202523

Reach stop criterion of NCut, NcutValue = 110.57536401202523

 NcutValue = 126.56480063498125
 NcutValue = 115.06092448942817
 NcutValue = 112.26851007024686
 NcutValue = 109.7251765950443
 NcutValue = 109.54653381012838
 NcutValue = 109.33351481072776
 NcutValue = 109.15810801012748

Reach stop criterion of NCut, NcutValue = 109.15810801012748

 NcutValue = 128.52172918835504
 NcutValue = 121.32897897881156
 NcutValue = 119.4344619341579
 NcutValue = 118.8964003152123
 NcutValue = 118.40294959467403
 NcutValue = 117.91750517174529
 NcutValue = 117.48919099904208
 NcutValue = 117.1059081522327
 NcutValue = 116.79461855858841

Reach stop criterion of NCut, NcutValue = 116.79461855858841

 NcutValue = 126.04035213251126
 NcutValue = 114.63766964335707
 NcutValue = 111.15324313057232
 NcutValue = 109.7488528979392
 NcutValue = 108.9792580171677
 NcutValue = 108.46946053704801

Reach stop criterion of NCut, NcutValue = 108.46946053704801

 NcutValue = 122.30659496600592
 NcutValue = 111.21870790290126
 NcutValue = 110.19655384029619
 NcutValue = 110.02469273305374
 NcutValue = 109.63489302900285

Reach stop criterion of NCut, NcutValue = 109.63489302900285

 NcutValue = 126.56480063498125
 NcutValue = 115.06092448942817
 NcutValue = 112.26851007024686
 NcutValue = 109.7251765950443
 NcutValue = 109.54653381012838
 NcutValue = 109.33351481072776
 NcutValue = 109.15810801012748

Reach stop criterion of NCut, NcutValue = 109.15810801012748

 NcutValue = 132.36180890290532
 NcutValue = 121.26822788259099
 NcutValue = 115.04559520737038
 NcutValue = 113.33274222812113
 NcutValue = 112.78912480028563
 NcutValue = 112.11327630384184
 NcutValue = 111.07562358629622
 NcutValue = 110.65304565904802
 NcutValue = 110.49832941854012

Reach stop criterion of NCut, NcutValue = 110.49832941854012

 NcutValue = 124.24125032661257
 NcutValue = 113.94129299997303
 NcutValue = 112.50100419148697
 NcutValue = 111.71916983845088
 NcutValue = 111.04690577026525
 NcutValue = 110.31983954567625
 NcutValue = 108.98495703255136
 NcutValue = 108.64613800530415

Reach stop criterion of NCut, NcutValue = 108.64613800530415

 NcutValue = 125.08827950424617
 NcutValue = 115.710275037201
 NcutValue = 113.94658685719511

Reach stop criterion of NCut, NcutValue = 113.94658685719511

 NcutValue = 122.98927739277465
 NcutValue = 110.80407724714405
 NcutValue = 108.64499503333639
 NcutValue = 107.14689593782487
 NcutValue = 106.73691012551069
 NcutValue = 106.48993473701611
 NcutValue = 106.33714049803737

Reach stop criterion of NCut, NcutValue = 106.33714049803737

 NcutValue = 127.01481542676476
 NcutValue = 119.3376153801718
 NcutValue = 117.12843521219966
 NcutValue = 116.14366968660056
 NcutValue = 114.96647093743303
 NcutValue = 114.40891101723949
 NcutValue = 114.02156070882941
 NcutValue = 113.80178701449506
 NcutValue = 113.64216598086821

Reach stop criterion of NCut, NcutValue = 113.64216598086821

 NcutValue = 128.93303677106482
 NcutValue = 112.16616391180898
 NcutValue = 110.31454750385174
 NcutValue = 109.62701165936508
 NcutValue = 108.88731250325174
 NcutValue = 108.24264218420316
 NcutValue = 108.09174552578381

Reach stop criterion of NCut, NcutValue = 108.09174552578381

 NcutValue = 130.11903771892506
 NcutValue = 114.15779913815427
 NcutValue = 112.39091524900857
 NcutValue = 110.97645226919909
 NcutValue = 110.42946539408581
 NcutValue = 109.9266753278273
 NcutValue = 109.50018882325952
 NcutValue = 109.14941890771723
 NcutValue = 108.94100349574575
 NcutValue = 108.7632840117783
 NcutValue = 108.4325095110934
 NcutValue = 108.03622585818351
 NcutValue = 106.77275097152321
 NcutValue = 106.10983144154088
 NcutValue = 105.8715927015574

Reach stop criterion of NCut, NcutValue = 105.8715927015574

 NcutValue = 134.01749665647404
 NcutValue = 118.77873337297785
 NcutValue = 113.13161562322964
 NcutValue = 111.97866463629657
 NcutValue = 110.9351389198684
 NcutValue = 110.45409439200142

Reach stop criterion of NCut, NcutValue = 110.45409439200142

 NcutValue = 127.42865990950807
 NcutValue = 114.29951723233597
 NcutValue = 112.40576325563913
 NcutValue = 110.99722158474157
 NcutValue = 109.77729412928548
 NcutValue = 108.99214294146984

Reach stop criterion of NCut, NcutValue = 108.99214294146984

 NcutValue = 119.33783337187364
 NcutValue = 113.00798908033141

Reach stop criterion of NCut, NcutValue = 113.00798908033141

 NcutValue = 123.9473056985648
 NcutValue = 115.29372960765909
 NcutValue = 113.14684006474033
 NcutValue = 111.63540614380818
 NcutValue = 111.12120787531757
 NcutValue = 110.93659860658687
 NcutValue = 110.60295585934975
 NcutValue = 110.41254904717528
 NcutValue = 110.24531189688497
 NcutValue = 110.07716413980356

Reach stop criterion of NCut, NcutValue = 110.07716413980356

 NcutValue = 129.63455840885146
 NcutValue = 117.28114394339866
 NcutValue = 113.4193939269762
 NcutValue = 112.2806180548514
 NcutValue = 112.02485647661979
 NcutValue = 111.8359498098865

Reach stop criterion of NCut, NcutValue = 111.8359498098865

 NcutValue = 126.29920993094308
 NcutValue = 117.61416842836576
 NcutValue = 114.12337761965355
 NcutValue = 112.24136960390555
 NcutValue = 111.97931967199764
 NcutValue = 111.68960050425176

Reach stop criterion of NCut, NcutValue = 111.68960050425176

 NcutValue = 119.33783337187361
 NcutValue = 113.00798908033138

Reach stop criterion of NCut, NcutValue = 113.00798908033138

 NcutValue = 125.94708547705855
 NcutValue = 117.53247534992153
 NcutValue = 114.30952893954878
 NcutValue = 113.3918574758861
 NcutValue = 112.26352664865794
 NcutValue = 111.63490628929941
 NcutValue = 110.61045195511014
 NcutValue = 109.7772170902727

Reach stop criterion of NCut, NcutValue = 109.7772170902727

 NcutValue = 122.79266280192712
 NcutValue = 111.75537571135075
 NcutValue = 108.02077058761719
 NcutValue = 106.55865621748663
 NcutValue = 105.84762016997442

Reach stop criterion of NCut, NcutValue = 105.84762016997442

Best NCut value = 104.31798149204371


Finished at 2023-09-02 22:28:33

