
Start NMF for pFN using NumPy at 2023-08-15 13:46:18

    Iter = 1: LogL: 759977.0376096923, dataFit: 745125.7674530982, spaLap: 8487.788525653192, L21: 6363.481630940908, L1: 0, ardU: 0
        QC: Delta sim = 0.3839149551213298
    Iter = 2: LogL: 746092.7301955766, dataFit: 730891.1187011244, spaLap: 8866.359328394332, L21: 6335.252166057862, L1: 0, ardU: 0
        QC: Delta sim = 0.38299667544029536
    Iter = 3: LogL: 734587.1425004799, dataFit: 719112.3215350158, spaLap: 9158.526010959858, L21: 6316.294954504238, L1: 0, ardU: 0
        QC: Delta sim = 0.3831554593693961
    Iter = 4: LogL: 723536.8495513991, dataFit: 707743.5889669403, spaLap: 9496.927953260574, L21: 6296.332631198258, L1: 0, ardU: 0
        QC: Delta sim = 0.38267687436578557
    Iter = 5: LogL: 712751.7272782323, dataFit: 696591.2723436023, spaLap: 9885.431469733403, L21: 6275.023464896752, L1: 0, ardU: 0
        QC: Delta sim = 0.38159581831859146
    Iter = 6: LogL: 702164.8379158964, dataFit: 685562.0905877522, spaLap: 10349.946148606596, L21: 6252.801179537681, L1: 0, ardU: 0
        QC: Delta sim = 0.3800771970504184
    Iter = 7: LogL: 691695.4483333083, dataFit: 674601.8662737341, spaLap: 10863.458801881763, L21: 6230.123257692389, L1: 0, ardU: 0
        QC: Delta sim = 0.37823442071610114
    Iter = 8: LogL: 681260.0373765728, dataFit: 663665.3703590905, spaLap: 11387.332029144987, L21: 6207.334988337309, L1: 0, ardU: 0
        QC: Delta sim = 0.37613986987788695
    Iter = 9: LogL: 670882.6433527264, dataFit: 652715.2042298962, spaLap: 11982.73978673511, L21: 6184.699336095029, L1: 0, ardU: 0
        QC: Delta sim = 0.37327907500485913
    Iter = 10: LogL: 660579.4293289906, dataFit: 641745.6910140505, spaLap: 12671.247682866631, L21: 6162.490632073469, L1: 0, ardU: 0
        QC: Delta sim = 0.36946636665975197
    Iter = 11: LogL: 650329.5166009128, dataFit: 630770.5299858849, spaLap: 13418.056491147301, L21: 6140.930123880651, L1: 0, ardU: 0
        QC: Delta sim = 0.3655987296862765
    Iter = 12: LogL: 640164.355939133, dataFit: 619816.6867883358, spaLap: 14227.517651265769, L21: 6120.151499531514, L1: 0, ardU: 0
        QC: Delta sim = 0.3616737650918067
    Iter = 13: LogL: 630171.5794293499, dataFit: 608933.5169756963, spaLap: 15137.811139524028, L21: 6100.251314129508, L1: 0, ardU: 0
        QC: Delta sim = 0.3576261136295439
    Iter = 14: LogL: 620403.7407489234, dataFit: 598198.0354029223, spaLap: 16124.376140227036, L21: 6081.329205773996, L1: 0, ardU: 0
        QC: Delta sim = 0.3534704544665448
    Iter = 15: LogL: 610827.6260519917, dataFit: 587695.379774762, spaLap: 17068.80285481694, L21: 6063.443422412842, L1: 0, ardU: 0
        QC: Delta sim = 0.34922792996877594
    Iter = 16: LogL: 601597.0818979405, dataFit: 577491.0646653069, spaLap: 18059.446816303425, L21: 6046.570416330095, L1: 0, ardU: 0
        QC: Delta sim = 0.34491887029792373
    Iter = 17: LogL: 592798.1352336961, dataFit: 567671.1193599723, spaLap: 19096.270565935363, L21: 6030.745307788392, L1: 0, ardU: 0
        QC: Delta sim = 0.32752873179675085
    Iter = 18: LogL: 584483.4555026346, dataFit: 558306.4830529959, spaLap: 20160.984300266802, L21: 6015.988149371935, L1: 0, ardU: 0
        QC: Delta sim = 0.2980015573949137
    Iter = 19: LogL: 576713.5336047807, dataFit: 549444.6559491465, spaLap: 21266.56927833159, L21: 6002.308377302591, L1: 0, ardU: 0
        QC: Delta sim = 0.26968861744114336
    Iter = 20: LogL: 569507.5769389792, dataFit: 541112.2692980455, spaLap: 22405.595467025425, L21: 5989.712173908203, L1: 0, ardU: 0
        QC: Delta sim = 0.24322342237086408
    Iter = 21: LogL: 562853.1820115035, dataFit: 533314.1658373217, spaLap: 23560.830287112534, L21: 5978.185887069362, L1: 0, ardU: 0
        QC: Delta sim = 0.2190187048262962
    Iter = 22: LogL: 556721.7602564524, dataFit: 526037.0609401918, spaLap: 24717.00547731048, L21: 5967.693838950016, L1: 0, ardU: 0
        QC: Delta sim = 0.19728352831600343
    Iter = 23: LogL: 551069.5606734051, dataFit: 519255.56507790217, spaLap: 25855.811321389887, L21: 5958.184274113019, L1: 0, ardU: 0
        QC: Delta sim = 0.17805975767775384
    Iter = 24: LogL: 545848.7469003451, dataFit: 512936.64184519195, spaLap: 26962.51277707399, L21: 5949.592278079136, L1: 0, ardU: 0
        QC: Delta sim = 0.16126078033975022
    Iter = 25: LogL: 540981.2465999608, dataFit: 507043.9230422887, spaLap: 27995.47737728385, L21: 5941.846180388307, L1: 0, ardU: 0
        QC: Delta sim = 0.14672246623988738
    Iter = 26: LogL: 536455.433661523, dataFit: 501537.73187656695, spaLap: 28982.846516423695, L21: 5934.855268532389, L1: 0, ardU: 0
        QC: Delta sim = 0.13426483860586158
    Iter = 27: LogL: 532252.4890325584, dataFit: 496385.23840227065, spaLap: 29938.692914551186, L21: 5928.557715736525, L1: 0, ardU: 0
        QC: Delta sim = 0.12368550643882309
    Iter = 28: LogL: 528232.8960789393, dataFit: 491556.1906610784, spaLap: 30753.806377882946, L21: 5922.899039978032, L1: 0, ardU: 0
        QC: Delta sim = 0.11478552663414132
    Iter = 29: LogL: 524374.2593743594, dataFit: 487010.02756225684, spaLap: 31446.444969976543, L21: 5917.786842126008, L1: 0, ardU: 0
        QC: Delta sim = 0.10711734268090067
    Iter = 30: LogL: 520738.4451639947, dataFit: 482713.5795277957, spaLap: 32111.724145709697, L21: 5913.141490489264, L1: 0, ardU: 0
        QC: Delta sim = 0.10039766123636767
    Iter = 31: LogL: 517316.76790992514, dataFit: 478648.8922027298, spaLap: 32758.94770315716, L21: 5908.928004038196, L1: 0, ardU: 0
        QC: Delta sim = 0.09460992086512082
    Iter = 32: LogL: 514088.0022322963, dataFit: 474800.0565474854, spaLap: 33382.82477828201, L21: 5905.120906528823, L1: 0, ardU: 0
        QC: Delta sim = 0.08970864752262314
    Iter = 33: LogL: 511025.81886874157, dataFit: 471152.03403669765, spaLap: 33972.08932027239, L21: 5901.695511771557, L1: 0, ardU: 0
        QC: Delta sim = 0.08562785167902126
    Iter = 34: LogL: 508125.2109944188, dataFit: 467690.10427100846, spaLap: 34536.48166185343, L21: 5898.625061556939, L1: 0, ardU: 0
        QC: Delta sim = 0.0822988990263187
    Iter = 35: LogL: 505379.3913816636, dataFit: 464401.76390914817, spaLap: 35081.73954492084, L21: 5895.887927594603, L1: 0, ardU: 0
        QC: Delta sim = 0.07965490033159062
    Iter = 36: LogL: 502746.55019595986, dataFit: 461276.1204521714, spaLap: 35576.96523142492, L21: 5893.464512363531, L1: 0, ardU: 0
        QC: Delta sim = 0.07762953089345753
    Iter = 37: LogL: 500259.87379214703, dataFit: 458299.76725904795, spaLap: 36068.781179679456, L21: 5891.325353419631, L1: 0, ardU: 0
        QC: Delta sim = 0.07609876991746034
    Iter = 38: LogL: 497911.0242350447, dataFit: 455465.50387084606, spaLap: 36556.05876020585, L21: 5889.461603992783, L1: 0, ardU: 0
        QC: Delta sim = 0.0750292917367486
    Iter = 39: LogL: 495692.0918533264, dataFit: 452766.2367807333, spaLap: 37037.99053704198, L21: 5887.864535551184, L1: 0, ardU: 0
        QC: Delta sim = 0.07438220314113042
    Iter = 40: LogL: 493595.65323373745, dataFit: 450195.22613084514, spaLap: 37513.90213467265, L21: 5886.524968219676, L1: 0, ardU: 0
        QC: Delta sim = 0.07411987851840784
    Iter = 41: LogL: 491614.2547410059, dataFit: 447746.0729793202, spaLap: 37982.748445305915, L21: 5885.433316379764, L1: 0, ardU: 0
        QC: Delta sim = 0.0742066218422413
    Iter = 42: LogL: 489741.2333972721, dataFit: 445412.67734738917, spaLap: 38443.97652364138, L21: 5884.579526241588, L1: 0, ardU: 0
        QC: Delta sim = 0.07460892279374787
    Iter = 43: LogL: 487971.0478471575, dataFit: 443189.2520702459, spaLap: 38897.842398782304, L21: 5883.953378129284, L1: 0, ardU: 0
        QC: Delta sim = 0.07529554297679808
    Iter = 44: LogL: 486297.892413161, dataFit: 441070.3412069065, spaLap: 39344.00638624037, L21: 5883.54482001416, L1: 0, ardU: 0
        QC: Delta sim = 0.07623750219732639
    Iter = 45: LogL: 484685.28514737065, dataFit: 439050.7540832006, spaLap: 39751.18734463676, L21: 5883.3437195332845, L1: 0, ardU: 0
        QC: Delta sim = 0.07740800494650357
    Iter = 46: LogL: 483144.9041652348, dataFit: 437122.45094263466, spaLap: 40139.13008372489, L21: 5883.323138875254, L1: 0, ardU: 0
        QC: Delta sim = 0.07878233802918377
    Iter = 47: LogL: 481683.05624549824, dataFit: 435280.6873840714, spaLap: 40518.89705895485, L21: 5883.471802471936, L1: 0, ardU: 0
        QC: Delta sim = 0.08033639866870496
    Iter = 48: LogL: 480295.4067958, dataFit: 433521.43446628173, spaLap: 40890.19065542434, L21: 5883.781674093948, L1: 0, ardU: 0
        QC: Delta sim = 0.08204924284911636
    Iter = 49: LogL: 478972.3667856983, dataFit: 431840.7080755278, spaLap: 41247.41454534496, L21: 5884.244164825512, L1: 0, ardU: 0
        QC: Delta sim = 0.08260651342153347
    Iter = 50: LogL: 477715.4924554184, dataFit: 430234.36630245333, spaLap: 41596.27769552504, L21: 5884.848457440029, L1: 0, ardU: 0
        QC: Delta sim = 0.08030642958798812
    Iter = 51: LogL: 476521.66066533455, dataFit: 428698.90211743396, spaLap: 41937.17183973342, L21: 5885.586708167163, L1: 0, ardU: 0
        QC: Delta sim = 0.07813305116194358
    Iter = 52: LogL: 475387.5058961227, dataFit: 427230.94114547153, spaLap: 42270.11353683448, L21: 5886.451213816684, L1: 0, ardU: 0
        QC: Delta sim = 0.07607561624760556
    Iter = 53: LogL: 474309.8573790332, dataFit: 425827.2705080668, spaLap: 42595.152433514835, L21: 5887.4344374515085, L1: 0, ardU: 0
        QC: Delta sim = 0.07412430217799099
    Iter = 54: LogL: 473284.0374023968, dataFit: 424484.8380139259, spaLap: 42910.670345513994, L21: 5888.529042956883, L1: 0, ardU: 0
        QC: Delta sim = 0.07227015449805585
    Iter = 55: LogL: 472298.6088713187, dataFit: 423200.59519103164, spaLap: 43208.28629294765, L21: 5889.727387339403, L1: 0, ardU: 0
        QC: Delta sim = 0.07050501195924158
    Iter = 56: LogL: 471361.44874014775, dataFit: 421970.9082896469, spaLap: 43499.520958933725, L21: 5891.019491567078, L1: 0, ardU: 0
        QC: Delta sim = 0.06882140930018799
    Iter = 57: LogL: 470469.00989261875, dataFit: 420793.424088912, spaLap: 43783.18644791168, L21: 5892.399355795046, L1: 0, ardU: 0
        QC: Delta sim = 0.06721242266239008
    Iter = 58: LogL: 469592.40450903185, dataFit: 419665.7012930052, spaLap: 44032.84272311646, L21: 5893.860492910224, L1: 0, ardU: 0
        QC: Delta sim = 0.06567198901330212
    Iter = 59: LogL: 468756.3455184521, dataFit: 418583.01833184744, spaLap: 44277.93895771407, L21: 5895.388228890575, L1: 0, ardU: 0
        QC: Delta sim = 0.06419455779463468
    Iter = 60: LogL: 467959.8518673468, dataFit: 417543.83394761063, spaLap: 44519.03935283387, L21: 5896.978566902308, L1: 0, ardU: 0
        QC: Delta sim = 0.06277466368040069
    Iter = 61: LogL: 467193.95594784745, dataFit: 416546.5197430895, spaLap: 44748.808582230675, L21: 5898.6276225273095, L1: 0, ardU: 0
        QC: Delta sim = 0.06140792935746581
    Iter = 62: LogL: 466462.90559154714, dataFit: 415589.16171397816, spaLap: 44973.414268667686, L21: 5900.329608901296, L1: 0, ardU: 0
        QC: Delta sim = 0.060090339881332444
    Iter = 63: LogL: 465765.79591991834, dataFit: 414670.2159059872, spaLap: 45193.499316478745, L21: 5902.080697452407, L1: 0, ardU: 0
        QC: Delta sim = 0.05881818707547931
    Iter = 64: LogL: 465100.886363793, dataFit: 413788.13243005576, spaLap: 45408.8768594262, L21: 5903.8770743110435, L1: 0, ardU: 0
        QC: Delta sim = 0.0575880518190221
    Iter = 65: LogL: 464466.5286241074, dataFit: 412941.3814797258, spaLap: 45619.4322211033, L21: 5905.714923278331, L1: 0, ardU: 0
        QC: Delta sim = 0.05639673812573598
    Iter = 66: LogL: 463861.15920331667, dataFit: 412128.47173790884, spaLap: 45825.09696652768, L21: 5907.59049888013, L1: 0, ardU: 0
        QC: Delta sim = 0.05524127794044592
    Iter = 67: LogL: 463283.29429985664, dataFit: 411347.9556339522, spaLap: 46025.83850902637, L21: 5909.500156878005, L1: 0, ardU: 0
        QC: Delta sim = 0.05411892478385927
    Iter = 68: LogL: 462731.52632050804, dataFit: 410598.43256548315, spaLap: 46221.65337906761, L21: 5911.440375957273, L1: 0, ardU: 0
        QC: Delta sim = 0.053027141450712245
    Iter = 69: LogL: 462204.5207275816, dataFit: 409878.5508172465, spaLap: 46412.56213754778, L21: 5913.407772787346, L1: 0, ardU: 0
        QC: Delta sim = 0.051963585943185175
    Iter = 70: LogL: 461701.0129825687, dataFit: 409187.00856846967, spaLap: 46598.605301927, L21: 5915.399112171994, L1: 0, ardU: 0
        QC: Delta sim = 0.0509260970835651
    Iter = 71: LogL: 461218.11617134616, dataFit: 408522.5542361365, spaLap: 46778.150621742985, L21: 5917.411313466655, L1: 0, ardU: 0
        QC: Delta sim = 0.04991268058324744
    Iter = 72: LogL: 460753.8268045805, dataFit: 407883.8840796958, spaLap: 46950.50190848891, L21: 5919.440816395772, L1: 0, ardU: 0
        QC: Delta sim = 0.04892149596091172
    Iter = 73: LogL: 460309.3867967964, dataFit: 407269.7256388025, spaLap: 47118.17711593826, L21: 5921.484042055596, L1: 0, ardU: 0
        QC: Delta sim = 0.047950853400999915
    Iter = 74: LogL: 459883.812118123, dataFit: 406679.02221386315, spaLap: 47281.2513264386, L21: 5923.538577821197, L1: 0, ardU: 0
        QC: Delta sim = 0.04699920535833774
    Iter = 75: LogL: 459470.92605268274, dataFit: 406110.7314153884, spaLap: 47434.59257743005, L21: 5925.6020598642635, L1: 0, ardU: 0
        QC: Delta sim = 0.046065121224595384
    Iter = 76: LogL: 459072.3604894088, dataFit: 405563.40997349855, spaLap: 47581.28069817284, L21: 5927.669817737377, L1: 0, ardU: 0
        QC: Delta sim = 0.04514727721978651
    Iter = 77: LogL: 458689.7977890483, dataFit: 405035.9969390272, spaLap: 47724.06178027001, L21: 5929.73906975104, L1: 0, ardU: 0
        QC: Delta sim = 0.04424436849676833
    Iter = 78: LogL: 458322.53169388894, dataFit: 404527.67274514947, spaLap: 47863.0506015267, L21: 5931.808347212775, L1: 0, ardU: 0
        QC: Delta sim = 0.04335527052955396
    Iter = 79: LogL: 457969.85393611254, dataFit: 404037.6219314145, spaLap: 47998.355824138314, L21: 5933.87618055971, L1: 0, ardU: 0
        QC: Delta sim = 0.04247899666085336
    Iter = 80: LogL: 457631.08269230544, dataFit: 403565.06234940246, spaLap: 48130.07915230307, L21: 5935.941190599941, L1: 0, ardU: 0
        QC: Delta sim = 0.04161462522016951
    Iter = 81: LogL: 457305.5663001312, dataFit: 403109.2447040524, spaLap: 48258.319507460714, L21: 5938.002088618102, L1: 0, ardU: 0
        QC: Delta sim = 0.04076129553793911
    Iter = 82: LogL: 456992.68348633504, dataFit: 402669.4518347106, spaLap: 48383.17397715764, L21: 5940.057674466823, L1: 0, ardU: 0
        QC: Delta sim = 0.03991820638953247
    Iter = 83: LogL: 456691.8427591893, dataFit: 402244.99787354167, spaLap: 48504.738051689965, L21: 5942.106833957633, L1: 0, ardU: 0
        QC: Delta sim = 0.039084613931325285
    Iter = 84: LogL: 456402.48145547736, dataFit: 401835.2273121745, spaLap: 48623.10560758528, L21: 5944.148535717569, L1: 0, ardU: 0
        QC: Delta sim = 0.0382598291094175
    Iter = 85: LogL: 456124.06463869545, dataFit: 401439.51399140054, spaLap: 48738.36881962401, L21: 5946.181827670895, L1: 0, ardU: 0
        QC: Delta sim = 0.03744321477174939
    Iter = 86: LogL: 455856.0839320409, dataFit: 401057.2600352171, spaLap: 48850.61806352007, L21: 5948.20583330374, L1: 0, ardU: 0
        QC: Delta sim = 0.03663418264939605
    Iter = 87: LogL: 455598.0563279436, dataFit: 400687.8947507345, spaLap: 48959.94182937479, L21: 5950.219747834307, L1: 0, ardU: 0
        QC: Delta sim = 0.03583219031366164
    Iter = 88: LogL: 455349.52299895854, dataFit: 400330.8735133226, spaLap: 49066.42665126013, L21: 5952.222834375775, L1: 0, ardU: 0
        QC: Delta sim = 0.03503673817634184
    Iter = 89: LogL: 455106.4319587493, dataFit: 399985.67665338144, spaLap: 49166.54088521922, L21: 5954.214420148642, L1: 0, ardU: 0
        QC: Delta sim = 0.03424736657606886
    Iter = 90: LogL: 454869.52320684434, dataFit: 399651.6242045753, spaLap: 49261.70601369413, L21: 5956.1929885749105, L1: 0, ardU: 0
        QC: Delta sim = 0.03346365297902426
    Iter = 91: LogL: 454640.8140449227, dataFit: 399328.18243544636, spaLap: 49354.47401361334, L21: 5958.157595862962, L1: 0, ardU: 0
        QC: Delta sim = 0.03268515868247451
    Iter = 92: LogL: 454419.9869516115, dataFit: 399014.9583461944, spaLap: 49444.92064138028, L21: 5960.107964036802, L1: 0, ardU: 0
        QC: Delta sim = 0.031911506327749806
    Iter = 93: LogL: 454206.70053571713, dataFit: 398711.5475955217, spaLap: 49533.10916978343, L21: 5962.0437704119795, L1: 0, ardU: 0
        QC: Delta sim = 0.031142390843597434
    Iter = 94: LogL: 454000.62641873775, dataFit: 398417.56107230147, spaLap: 49619.10062845579, L21: 5963.964717980451, L1: 0, ardU: 0
        QC: Delta sim = 0.03037753309831087
    Iter = 95: LogL: 453801.4501192959, dataFit: 398132.6251607558, spaLap: 49702.95442157487, L21: 5965.870536965187, L1: 0, ardU: 0
        QC: Delta sim = 0.029616675559211825
    Iter = 96: LogL: 453608.8710916689, dataFit: 397856.38149888895, spaLap: 49784.72860747862, L21: 5967.760985301364, L1: 0, ardU: 0
        QC: Delta sim = 0.028859581116387645
    Iter = 97: LogL: 453422.602528057, dataFit: 397588.48659977474, spaLap: 49864.48007984012, L21: 5969.635848442174, L1: 0, ardU: 0
        QC: Delta sim = 0.028106032054753427
    Iter = 98: LogL: 453242.3710142974, dataFit: 397328.61141220556, spaLap: 49942.264663322545, L21: 5971.4949387693, L1: 0, ardU: 0
        QC: Delta sim = 0.027355829005472565
    Iter = 99: LogL: 453067.91609664285, dataFit: 397076.44084635115, spaLap: 50018.13715553794, L21: 5973.338094753739, L1: 0, ardU: 0
        QC: Delta sim = 0.026608789896829133
    Iter = 100: LogL: 452892.3795369064, dataFit: 396831.6732808352, spaLap: 50085.541076109475, L21: 5975.165179961721, L1: 0, ardU: 0
        QC: Delta sim = 0.025864748924161463
    Iter = 101: LogL: 452722.07372657466, dataFit: 396593.43681258446, spaLap: 50151.66328075629, L21: 5976.973633233919, L1: 0, ardU: 0
        QC: Delta sim = 0.025123555548701493
    Iter = 102: LogL: 452556.8885456515, dataFit: 396361.6321130082, spaLap: 50216.49264391902, L21: 5978.763788724327, L1: 0, ardU: 0
        QC: Delta sim = 0.024385021739335544
    Iter = 103: LogL: 452396.6208723941, dataFit: 396136.09855872777, spaLap: 50279.986340439886, L21: 5980.535973226496, L1: 0, ardU: 0
        QC: Delta sim = 0.02364900845653578
    Iter = 104: LogL: 452241.0770818204, dataFit: 395916.65647393296, spaLap: 50342.130167917065, L21: 5982.290439970387, L1: 0, ardU: 0
        QC: Delta sim = 0.022915393506485415
    Iter = 105: LogL: 452090.0720060543, dataFit: 395703.11708365683, spaLap: 50402.92753569841, L21: 5984.027386699051, L1: 0, ardU: 0
        QC: Delta sim = 0.02218407592883309
    Iter = 106: LogL: 451943.4292802817, dataFit: 395495.2886398622, spaLap: 50462.39366279573, L21: 5985.746977623798, L1: 0, ardU: 0
        QC: Delta sim = 0.021454973553161005
    Iter = 107: LogL: 451800.9811926707, dataFit: 395292.98021420493, spaLap: 50520.551620267295, L21: 5987.449358198511, L1: 0, ardU: 0
        QC: Delta sim = 0.020728019683936616
    Iter = 108: LogL: 451662.31546623586, dataFit: 395096.00403760327, spaLap: 50577.17676419613, L21: 5989.1346644364285, L1: 0, ardU: 0
        QC: Delta sim = 0.020003160228191708
    Iter = 109: LogL: 451522.4300629083, dataFit: 394904.1658013308, spaLap: 50627.46129652503, L21: 5990.802965052455, L1: 0, ardU: 0
        QC: Delta sim = 0.01928035150092472
    Iter = 110: LogL: 451386.1432195815, dataFit: 394717.0670580663, spaLap: 50676.62303736197, L21: 5992.453124153253, L1: 0, ardU: 0
        QC: Delta sim = 0.018559559842988294
    Iter = 111: LogL: 451253.4019301242, dataFit: 394534.62180203275, spaLap: 50724.69454464381, L21: 5994.085583447677, L1: 0, ardU: 0
        QC: Delta sim = 0.017840783136041205
    Iter = 112: LogL: 451124.0962724572, dataFit: 394356.6844260858, spaLap: 50771.71126589779, L21: 5995.700580473641, L1: 0, ardU: 0
        QC: Delta sim = 0.01712402236387961
    Iter = 113: LogL: 450998.12435230135, dataFit: 394183.10996898625, spaLap: 50817.716047034, L21: 5997.298336281119, L1: 0, ardU: 0
        QC: Delta sim = 0.016409262557923465
    Iter = 114: LogL: 450875.38639560126, dataFit: 394013.7571475538, spaLap: 50862.750183887314, L21: 5998.879064160186, L1: 0, ardU: 0
        QC: Delta sim = 0.015696492108503435
    Iter = 115: LogL: 450751.33322097623, dataFit: 393848.4890658257, spaLap: 50902.4011818202, L21: 6000.442973330302, L1: 0, ardU: 0
        QC: Delta sim = 0.014985705822211426
    Iter = 116: LogL: 450628.83126165764, dataFit: 393686.8793619314, spaLap: 50939.962924830594, L21: 6001.98897489559, L1: 0, ardU: 0
        QC: Delta sim = 0.014276905513100957
    Iter = 117: LogL: 450509.1515470863, dataFit: 393528.8079240278, spaLap: 50976.82639465051, L21: 6003.517228408035, L1: 0, ardU: 0
        QC: Delta sim = 0.013570133365220116
    Iter = 118: LogL: 450392.2917077781, dataFit: 393374.2087546905, spaLap: 51013.0547781857, L21: 6005.028174901892, L1: 0, ardU: 0
        QC: Delta sim = 0.012865414023324473
    Iter = 119: LogL: 450278.21155802335, dataFit: 393222.9975062433, spaLap: 51048.6918738189, L21: 6006.522177961218, L1: 0, ardU: 0
        QC: Delta sim = 0.012162766210294995
    Iter = 120: LogL: 450166.8558217735, dataFit: 393075.0895581833, spaLap: 51083.76668573268, L21: 6007.99957785754, L1: 0, ardU: 0
        QC: Delta sim = 0.01146221307975942
    Iter = 121: LogL: 450058.15999866877, dataFit: 392930.40042172215, spaLap: 51118.29888208228, L21: 6009.460694864326, L1: 0, ardU: 0
        QC: Delta sim = 0.010763781806326589
    Iter = 122: LogL: 449952.0546003693, dataFit: 392788.84595433396, spaLap: 51152.302814563496, L21: 6010.905831471862, L1: 0, ardU: 0
        QC: Delta sim = 0.010067502426708452
    Iter = 123: LogL: 449848.46789722284, dataFit: 392650.34265129926, spaLap: 51185.78997139964, L21: 6012.335274523914, L1: 0, ardU: 0
        QC: Delta sim = 0.00937340677427001
    Iter = 124: LogL: 449747.32770125684, dataFit: 392514.80795201694, spaLap: 51218.77045205956, L21: 6013.749297180358, L1: 0, ardU: 0
        QC: Delta sim = 0.008681527590205462
    Iter = 125: LogL: 449648.5625093067, dataFit: 392382.1605199225, spaLap: 51251.25382873263, L21: 6015.1481606515545, L1: 0, ardU: 0
        QC: Delta sim = 0.007991897847778096
    Iter = 126: LogL: 449552.1022194934, dataFit: 392252.32047904393, spaLap: 51283.24962475204, L21: 6016.532115697454, L1: 0, ardU: 0
        QC: Delta sim = 0.007304550324164494
    Iter = 127: LogL: 449457.87856229563, dataFit: 392125.20960409904, spaLap: 51314.76755428594, L21: 6017.901403910675, L1: 0, ardU: 0
        QC: Delta sim = 0.006619517430758504
    Iter = 128: LogL: 449365.8253408588, dataFit: 392000.7514674533, spaLap: 51345.81761459305, L21: 6019.256258812355, L1: 0, ardU: 0
        QC: Delta sim = 0.005936831275344445
    Iter = 129: LogL: 449275.87854446605, dataFit: 391878.8715482553, spaLap: 51376.410089419165, L21: 6020.596906791557, L1: 0, ardU: 0
        QC: Delta sim = 0.005256523892816833
    Iter = 130: LogL: 449187.97637862834, dataFit: 391759.4973090493, spaLap: 51406.55550166242, L21: 6021.923567916634, L1: 0, ardU: 0
        QC: Delta sim = 0.00457862755787225
    Iter = 131: LogL: 449102.05924156477, dataFit: 391642.558244532, spaLap: 51436.26454038854, L21: 6023.2364566442275, L1: 0, ardU: 0
        QC: Delta sim = 0.0039031750906860507
    Iter = 132: LogL: 449018.06966810435, dataFit: 391527.98590681923, spaLap: 51465.54797883908, L21: 6024.535782446032, L1: 0, ardU: 0
        QC: Delta sim = 0.0032302000843793532
    Iter = 133: LogL: 448934.4829034193, dataFit: 391415.7139115682, spaLap: 51492.94724148487, L21: 6025.821750366201, L1: 0, ardU: 0
        QC: Delta sim = 0.002559737013610064
    Iter = 134: LogL: 448851.4672951155, dataFit: 391305.5359657626, spaLap: 51518.83746254044, L21: 6027.093866812445, L1: 0, ardU: 0
        QC: Delta sim = 0.00189182121647391
    Iter = 135: LogL: 448770.143849163, dataFit: 391197.32139706204, spaLap: 51544.470489770734, L21: 6028.351962330219, L1: 0, ardU: 0
        QC: Delta sim = 0.0012264829443258685
    Iter = 136: LogL: 448690.50125848944, dataFit: 391091.0650059807, spaLap: 51569.83978002955, L21: 6029.596472479157, L1: 0, ardU: 0
        QC: Delta sim = 0.0005637587583695591
    Iter = 137: LogL: 448612.50844539405, dataFit: 390986.73568265274, spaLap: 51594.94504271131, L21: 6030.827720029962, L1: 0, ardU: 0

  QC: Meet QC constraint: Delta sim = -9.631111918290136e-05
    Use results from last iteration

 Finished at 2023-08-15 13:47:30

