
Start NMF for pFN using PyTorch at 2023-08-16 11:37:35

    Iter = 1: LogL: 759977.0376096945, dataFit: 745125.7674531004, spaLap: 8487.788525653168, L21: 6363.481630940927, L1: 0, ardU: 0
        QC: Delta sim = 0.38391495512133145
    Iter = 2: LogL: 746092.7301955754, dataFit: 730891.1187011233, spaLap: 8866.359328394301, L21: 6335.252166057864, L1: 0, ardU: 0
        QC: Delta sim = 0.3829966754402966
    Iter = 3: LogL: 734587.142500478, dataFit: 719112.3215350138, spaLap: 9158.52601095983, L21: 6316.294954504247, L1: 0, ardU: 0
        QC: Delta sim = 0.38315545936939877
    Iter = 4: LogL: 723536.8495513996, dataFit: 707743.5889669409, spaLap: 9496.927953260541, L21: 6296.332631198253, L1: 0, ardU: 0
        QC: Delta sim = 0.3826768743657877
    Iter = 5: LogL: 712751.7272782318, dataFit: 696591.2723436017, spaLap: 9885.431469733368, L21: 6275.023464896769, L1: 0, ardU: 0
        QC: Delta sim = 0.3815958183186009
    Iter = 6: LogL: 702164.837915896, dataFit: 685562.0905877517, spaLap: 10349.946148606561, L21: 6252.801179537686, L1: 0, ardU: 0
        QC: Delta sim = 0.3800771970504251
    Iter = 7: LogL: 691695.4483333072, dataFit: 674601.866273733, spaLap: 10863.458801881729, L21: 6230.123257692407, L1: 0, ardU: 0
        QC: Delta sim = 0.37823442071610347
    Iter = 8: LogL: 681260.0373765714, dataFit: 663665.3703590892, spaLap: 11387.332029144945, L21: 6207.334988337293, L1: 0, ardU: 0
        QC: Delta sim = 0.3761398698778926
    Iter = 9: LogL: 670882.6433527267, dataFit: 652715.2042298967, spaLap: 11982.739786735072, L21: 6184.699336095023, L1: 0, ardU: 0
        QC: Delta sim = 0.37327907500485935
    Iter = 10: LogL: 660579.429328992, dataFit: 641745.6910140519, spaLap: 12671.247682866597, L21: 6162.490632073449, L1: 0, ardU: 0
        QC: Delta sim = 0.36946636665974764
    Iter = 11: LogL: 650329.5166009136, dataFit: 630770.5299858857, spaLap: 13418.056491147257, L21: 6140.93012388065, L1: 0, ardU: 0
        QC: Delta sim = 0.3655987296862757
    Iter = 12: LogL: 640164.3559391336, dataFit: 619816.6867883364, spaLap: 14227.517651265734, L21: 6120.1514995315065, L1: 0, ardU: 0
        QC: Delta sim = 0.36167376509180715
    Iter = 13: LogL: 630171.5794293513, dataFit: 608933.5169756977, spaLap: 15137.81113952399, L21: 6100.251314129521, L1: 0, ardU: 0
        QC: Delta sim = 0.35762611362954366
    Iter = 14: LogL: 620403.7407489233, dataFit: 598198.0354029223, spaLap: 16124.376140226996, L21: 6081.329205773974, L1: 0, ardU: 0
        QC: Delta sim = 0.3534704544665448
    Iter = 15: LogL: 610827.6260519916, dataFit: 587695.3797747619, spaLap: 17068.802854816902, L21: 6063.443422412833, L1: 0, ardU: 0
        QC: Delta sim = 0.3492279299687812
    Iter = 16: LogL: 601597.0818979407, dataFit: 577491.0646653072, spaLap: 18059.446816303396, L21: 6046.570416330081, L1: 0, ardU: 0
        QC: Delta sim = 0.34491887029792545
    Iter = 17: LogL: 592798.1352336963, dataFit: 567671.1193599727, spaLap: 19096.270565935334, L21: 6030.7453077884065, L1: 0, ardU: 0
        QC: Delta sim = 0.3275287317967475
    Iter = 18: LogL: 584483.455502635, dataFit: 558306.4830529962, spaLap: 20160.984300266813, L21: 6015.9881493719295, L1: 0, ardU: 0
        QC: Delta sim = 0.2980015573949154
    Iter = 19: LogL: 576713.5336047799, dataFit: 549444.6559491457, spaLap: 21266.569278331597, L21: 6002.308377302585, L1: 0, ardU: 0
        QC: Delta sim = 0.269688617441148
    Iter = 20: LogL: 569507.5769389796, dataFit: 541112.2692980459, spaLap: 22405.595467025414, L21: 5989.712173908201, L1: 0, ardU: 0
        QC: Delta sim = 0.24322342237086997
    Iter = 21: LogL: 562853.1820115043, dataFit: 533314.1658373225, spaLap: 23560.83028711254, L21: 5978.185887069364, L1: 0, ardU: 0
        QC: Delta sim = 0.21901870482630154
    Iter = 22: LogL: 556721.7602564526, dataFit: 526037.0609401921, spaLap: 24717.00547731048, L21: 5967.693838950015, L1: 0, ardU: 0
        QC: Delta sim = 0.19728352831600882
    Iter = 23: LogL: 551069.5606734043, dataFit: 519255.56507790135, spaLap: 25855.811321389887, L21: 5958.184274113002, L1: 0, ardU: 0
        QC: Delta sim = 0.1780597576777545
    Iter = 24: LogL: 545848.7469003444, dataFit: 512936.6418451913, spaLap: 26962.51277707399, L21: 5949.592278079145, L1: 0, ardU: 0
        QC: Delta sim = 0.16126078033975666
    Iter = 25: LogL: 540981.246599962, dataFit: 507043.9230422898, spaLap: 27995.477377283893, L21: 5941.846180388298, L1: 0, ardU: 0
        QC: Delta sim = 0.1467224662398932
    Iter = 26: LogL: 536455.4336615233, dataFit: 501537.7318765672, spaLap: 28982.846516423713, L21: 5934.855268532387, L1: 0, ardU: 0
        QC: Delta sim = 0.13426483860586064
    Iter = 27: LogL: 532252.4890325587, dataFit: 496385.23840227094, spaLap: 29938.692914551237, L21: 5928.557715736533, L1: 0, ardU: 0
        QC: Delta sim = 0.12368550643882703
    Iter = 28: LogL: 528232.8960789387, dataFit: 491556.19066107774, spaLap: 30753.806377882993, L21: 5922.899039978028, L1: 0, ardU: 0
        QC: Delta sim = 0.11478552663414254
    Iter = 29: LogL: 524374.259374359, dataFit: 487010.02756225644, spaLap: 31446.44496997657, L21: 5917.786842126006, L1: 0, ardU: 0
        QC: Delta sim = 0.10711734268090461
    Iter = 30: LogL: 520738.4451639958, dataFit: 482713.5795277968, spaLap: 32111.724145709726, L21: 5913.141490489252, L1: 0, ardU: 0
        QC: Delta sim = 0.10039766123636923
    Iter = 31: LogL: 517316.76790992613, dataFit: 478648.89220273076, spaLap: 32758.947703157144, L21: 5908.928004038213, L1: 0, ardU: 0
        QC: Delta sim = 0.09460992086512371
    Iter = 32: LogL: 514088.0022322963, dataFit: 474800.05654748547, spaLap: 33382.82477828198, L21: 5905.120906528832, L1: 0, ardU: 0
        QC: Delta sim = 0.08970864752262747
    Iter = 33: LogL: 511025.818868742, dataFit: 471152.0340366981, spaLap: 33972.089320272346, L21: 5901.69551177155, L1: 0, ardU: 0
        QC: Delta sim = 0.08562785167902537
    Iter = 34: LogL: 508125.2109944194, dataFit: 467690.10427100904, spaLap: 34536.48166185342, L21: 5898.625061556939, L1: 0, ardU: 0
        QC: Delta sim = 0.0822988990263217
    Iter = 35: LogL: 505379.3913816638, dataFit: 464401.7639091484, spaLap: 35081.73954492078, L21: 5895.887927594604, L1: 0, ardU: 0
        QC: Delta sim = 0.07965490033159367
    Iter = 36: LogL: 502746.55019596015, dataFit: 461276.1204521717, spaLap: 35576.96523142491, L21: 5893.464512363549, L1: 0, ardU: 0
        QC: Delta sim = 0.07762953089345748
    Iter = 37: LogL: 500259.8737921467, dataFit: 458299.7672590476, spaLap: 36068.78117967943, L21: 5891.325353419632, L1: 0, ardU: 0
        QC: Delta sim = 0.07609876991746439
    Iter = 38: LogL: 497911.0242350454, dataFit: 455465.5038708469, spaLap: 36556.05876020578, L21: 5889.461603992789, L1: 0, ardU: 0
        QC: Delta sim = 0.07502929173675382
    Iter = 39: LogL: 495692.0918533265, dataFit: 452766.23678073334, spaLap: 37037.99053704189, L21: 5887.864535551206, L1: 0, ardU: 0
        QC: Delta sim = 0.07438220314113331
    Iter = 40: LogL: 493595.65323373687, dataFit: 450195.22613084456, spaLap: 37513.90213467263, L21: 5886.524968219681, L1: 0, ardU: 0
        QC: Delta sim = 0.07411987851840396
    Iter = 41: LogL: 491614.2547410058, dataFit: 447746.0729793201, spaLap: 37982.74844530589, L21: 5885.433316379762, L1: 0, ardU: 0
        QC: Delta sim = 0.07420662184224136
    Iter = 42: LogL: 489741.23339727207, dataFit: 445412.67734738917, spaLap: 38443.976523641315, L21: 5884.579526241585, L1: 0, ardU: 0
        QC: Delta sim = 0.07460892279374814
    Iter = 43: LogL: 487971.04784715746, dataFit: 443189.2520702459, spaLap: 38897.84239878225, L21: 5883.95337812928, L1: 0, ardU: 0
        QC: Delta sim = 0.07529554297680485
    Iter = 44: LogL: 486297.89241316076, dataFit: 441070.3412069063, spaLap: 39344.006386240326, L21: 5883.544820014156, L1: 0, ardU: 0
        QC: Delta sim = 0.0762375021973305
    Iter = 45: LogL: 484685.2851473703, dataFit: 439050.75408320024, spaLap: 39751.187344636746, L21: 5883.343719533283, L1: 0, ardU: 0
        QC: Delta sim = 0.07740800494650152
    Iter = 46: LogL: 483144.9041652334, dataFit: 437122.4509426333, spaLap: 40139.13008372484, L21: 5883.3231388752565, L1: 0, ardU: 0
        QC: Delta sim = 0.07878233802918522
    Iter = 47: LogL: 481683.056245497, dataFit: 435280.68738407025, spaLap: 40518.8970589548, L21: 5883.471802471936, L1: 0, ardU: 0
        QC: Delta sim = 0.08033639866870851
    Iter = 48: LogL: 480295.4067958002, dataFit: 433521.4344662819, spaLap: 40890.190655424296, L21: 5883.781674093951, L1: 0, ardU: 0
        QC: Delta sim = 0.08204924284911624
    Iter = 49: LogL: 478972.3667856968, dataFit: 431840.70807552646, spaLap: 41247.41454534486, L21: 5884.244164825516, L1: 0, ardU: 0
        QC: Delta sim = 0.08260651342153241
    Iter = 50: LogL: 477715.4924554181, dataFit: 430234.3663024531, spaLap: 41596.27769552496, L21: 5884.84845744002, L1: 0, ardU: 0
        QC: Delta sim = 0.08030642958798712
    Iter = 51: LogL: 476521.66066533537, dataFit: 428698.90211743483, spaLap: 41937.171839733346, L21: 5885.586708167166, L1: 0, ardU: 0
        QC: Delta sim = 0.0781330511619387
    Iter = 52: LogL: 475387.50589612196, dataFit: 427230.9411454709, spaLap: 42270.11353683443, L21: 5886.451213816672, L1: 0, ardU: 0
        QC: Delta sim = 0.07607561624760656
    Iter = 53: LogL: 474309.85737903364, dataFit: 425827.2705080674, spaLap: 42595.152433514726, L21: 5887.434437451513, L1: 0, ardU: 0
        QC: Delta sim = 0.0741243021779936
    Iter = 54: LogL: 473284.0374023972, dataFit: 424484.8380139264, spaLap: 42910.67034551392, L21: 5888.529042956874, L1: 0, ardU: 0
        QC: Delta sim = 0.07227015449805468
    Iter = 55: LogL: 472298.6088713188, dataFit: 423200.5951910318, spaLap: 43208.286292947574, L21: 5889.72738733939, L1: 0, ardU: 0
        QC: Delta sim = 0.07050501195924097
    Iter = 56: LogL: 471361.4487401468, dataFit: 421970.9082896461, spaLap: 43499.52095893362, L21: 5891.019491567088, L1: 0, ardU: 0
        QC: Delta sim = 0.06882140930018832
    Iter = 57: LogL: 470469.00989261863, dataFit: 420793.424088912, spaLap: 43783.186447911576, L21: 5892.399355795046, L1: 0, ardU: 0
        QC: Delta sim = 0.0672124226623943
    Iter = 58: LogL: 469592.4045090319, dataFit: 419665.7012930053, spaLap: 44032.842723116366, L21: 5893.860492910214, L1: 0, ardU: 0
        QC: Delta sim = 0.06567198901329785
    Iter = 59: LogL: 468756.3455184513, dataFit: 418583.01833184675, spaLap: 44277.938957714025, L21: 5895.388228890572, L1: 0, ardU: 0
        QC: Delta sim = 0.06419455779463556
    Iter = 60: LogL: 467959.8518673454, dataFit: 417543.83394760935, spaLap: 44519.03935283377, L21: 5896.978566902309, L1: 0, ardU: 0
        QC: Delta sim = 0.06277466368040002
    Iter = 61: LogL: 467193.9559478478, dataFit: 416546.5197430899, spaLap: 44748.80858223057, L21: 5898.627622527309, L1: 0, ardU: 0
        QC: Delta sim = 0.061407929357464974
    Iter = 62: LogL: 466462.9055915467, dataFit: 415589.1617139778, spaLap: 44973.414268667606, L21: 5900.329608901274, L1: 0, ardU: 0
        QC: Delta sim = 0.06009033988133439
    Iter = 63: LogL: 465765.7959199178, dataFit: 414670.2159059867, spaLap: 45193.49931647867, L21: 5902.080697452422, L1: 0, ardU: 0
        QC: Delta sim = 0.05881818707547698
    Iter = 64: LogL: 465100.8863637935, dataFit: 413788.13243005634, spaLap: 45408.87685942611, L21: 5903.877074311068, L1: 0, ardU: 0
        QC: Delta sim = 0.05758805181902138
    Iter = 65: LogL: 464466.5286241065, dataFit: 412941.381479725, spaLap: 45619.43222110319, L21: 5905.714923278341, L1: 0, ardU: 0
        QC: Delta sim = 0.05639673812573415
    Iter = 66: LogL: 463861.1592033158, dataFit: 412128.4717379081, spaLap: 45825.09696652759, L21: 5907.590498880127, L1: 0, ardU: 0
        QC: Delta sim = 0.05524127794044548
    Iter = 67: LogL: 463283.2942998565, dataFit: 411347.95563395217, spaLap: 46025.838509026304, L21: 5909.500156878018, L1: 0, ardU: 0
        QC: Delta sim = 0.054118924783857714
    Iter = 68: LogL: 462731.52632050763, dataFit: 410598.43256548286, spaLap: 46221.653379067495, L21: 5911.440375957285, L1: 0, ardU: 0
        QC: Delta sim = 0.053027141450710635
    Iter = 69: LogL: 462204.52072758175, dataFit: 409878.5508172467, spaLap: 46412.5621375477, L21: 5913.4077727873255, L1: 0, ardU: 0
        QC: Delta sim = 0.05196358594318662
    Iter = 70: LogL: 461701.01298256917, dataFit: 409187.00856847025, spaLap: 46598.60530192696, L21: 5915.399112171987, L1: 0, ardU: 0
        QC: Delta sim = 0.05092609708356599
    Iter = 71: LogL: 461218.11617134546, dataFit: 408522.55423613585, spaLap: 46778.150621742956, L21: 5917.4113134666595, L1: 0, ardU: 0
        QC: Delta sim = 0.049912680583246216
    Iter = 72: LogL: 460753.8268045811, dataFit: 407883.8840796965, spaLap: 46950.50190848884, L21: 5919.440816395751, L1: 0, ardU: 0
        QC: Delta sim = 0.04892149596091
    Iter = 73: LogL: 460309.38679679704, dataFit: 407269.7256388032, spaLap: 47118.17711593823, L21: 5921.484042055599, L1: 0, ardU: 0
        QC: Delta sim = 0.047950853400995475
    Iter = 74: LogL: 459883.81211812265, dataFit: 406679.0222138629, spaLap: 47281.25132643855, L21: 5923.538577821183, L1: 0, ardU: 0
        QC: Delta sim = 0.046999205358336016
    Iter = 75: LogL: 459470.926052682, dataFit: 406110.7314153877, spaLap: 47434.59257742998, L21: 5925.602059864281, L1: 0, ardU: 0
        QC: Delta sim = 0.04606512122459627
    Iter = 76: LogL: 459072.3604894085, dataFit: 405563.4099734983, spaLap: 47581.28069817279, L21: 5927.669817737363, L1: 0, ardU: 0
        QC: Delta sim = 0.04514727721978806
    Iter = 77: LogL: 458689.7977890483, dataFit: 405035.9969390273, spaLap: 47724.06178026993, L21: 5929.739069751031, L1: 0, ardU: 0
        QC: Delta sim = 0.04424436849676622
    Iter = 78: LogL: 458322.5316938891, dataFit: 404527.6727451497, spaLap: 47863.050601526615, L21: 5931.808347212774, L1: 0, ardU: 0
        QC: Delta sim = 0.04335527052955346
    Iter = 79: LogL: 457969.8539361133, dataFit: 404037.6219314154, spaLap: 47998.35582413823, L21: 5933.876180559705, L1: 0, ardU: 0
        QC: Delta sim = 0.04247899666085525
    Iter = 80: LogL: 457631.0826923032, dataFit: 403565.06234940025, spaLap: 48130.07915230299, L21: 5935.941190599951, L1: 0, ardU: 0
        QC: Delta sim = 0.04161462522016818
    Iter = 81: LogL: 457305.56630013016, dataFit: 403109.2447040514, spaLap: 48258.31950746065, L21: 5938.002088618105, L1: 0, ardU: 0
        QC: Delta sim = 0.04076129553794022
    Iter = 82: LogL: 456992.6834863347, dataFit: 402669.4518347103, spaLap: 48383.17397715755, L21: 5940.057674466827, L1: 0, ardU: 0
        QC: Delta sim = 0.039918206389533084
    Iter = 83: LogL: 456691.8427591891, dataFit: 402244.99787354155, spaLap: 48504.73805168987, L21: 5942.10683395764, L1: 0, ardU: 0
        QC: Delta sim = 0.03908461393132312
    Iter = 84: LogL: 456402.4814554777, dataFit: 401835.227312175, spaLap: 48623.105607585174, L21: 5944.1485357175625, L1: 0, ardU: 0
        QC: Delta sim = 0.038259829109413335
    Iter = 85: LogL: 456124.0646386953, dataFit: 401439.5139914005, spaLap: 48738.368819623916, L21: 5946.181827670905, L1: 0, ardU: 0
        QC: Delta sim = 0.03744321477174428
    Iter = 86: LogL: 455856.08393204043, dataFit: 401057.2600352167, spaLap: 48850.61806352, L21: 5948.20583330374, L1: 0, ardU: 0
        QC: Delta sim = 0.03663418264939505
    Iter = 87: LogL: 455598.05632794247, dataFit: 400687.8947507334, spaLap: 48959.94182937474, L21: 5950.219747834303, L1: 0, ardU: 0
        QC: Delta sim = 0.03583219031366125
    Iter = 88: LogL: 455349.52299895737, dataFit: 400330.8735133215, spaLap: 49066.426651260095, L21: 5952.222834375763, L1: 0, ardU: 0
        QC: Delta sim = 0.035036738176339066
    Iter = 89: LogL: 455106.43195874913, dataFit: 399985.6766533813, spaLap: 49166.54088521918, L21: 5954.214420148653, L1: 0, ardU: 0
        QC: Delta sim = 0.03424736657606903
    Iter = 90: LogL: 454869.5232068439, dataFit: 399651.6242045749, spaLap: 49261.706013694056, L21: 5956.192988574916, L1: 0, ardU: 0
        QC: Delta sim = 0.0334636529790211
    Iter = 91: LogL: 454640.81404492253, dataFit: 399328.1824354463, spaLap: 49354.47401361327, L21: 5958.1575958629555, L1: 0, ardU: 0
        QC: Delta sim = 0.03268515868247379
    Iter = 92: LogL: 454419.9869516123, dataFit: 399014.9583461953, spaLap: 49444.92064138022, L21: 5960.107964036784, L1: 0, ardU: 0
        QC: Delta sim = 0.03191150632774853
    Iter = 93: LogL: 454206.7005357173, dataFit: 398711.54759552196, spaLap: 49533.10916978336, L21: 5962.043770411983, L1: 0, ardU: 0
        QC: Delta sim = 0.031142390843595547
    Iter = 94: LogL: 454000.6264187366, dataFit: 398417.56107230036, spaLap: 49619.10062845576, L21: 5963.964717980451, L1: 0, ardU: 0
        QC: Delta sim = 0.030377533098310205
    Iter = 95: LogL: 453801.4501192952, dataFit: 398132.6251607552, spaLap: 49702.95442157481, L21: 5965.870536965191, L1: 0, ardU: 0
        QC: Delta sim = 0.029616675559210714
    Iter = 96: LogL: 453608.8710916689, dataFit: 397856.38149888895, spaLap: 49784.72860747859, L21: 5967.760985301364, L1: 0, ardU: 0
        QC: Delta sim = 0.028859581116387145
    Iter = 97: LogL: 453422.6025280572, dataFit: 397588.48659977486, spaLap: 49864.48007984008, L21: 5969.635848442182, L1: 0, ardU: 0
        QC: Delta sim = 0.028106032054756314
    Iter = 98: LogL: 453242.3710142977, dataFit: 397328.6114122059, spaLap: 49942.2646633225, L21: 5971.494938769294, L1: 0, ardU: 0
        QC: Delta sim = 0.02735582900547101
    Iter = 99: LogL: 453067.9160966431, dataFit: 397076.44084635144, spaLap: 50018.137155537916, L21: 5973.338094753734, L1: 0, ardU: 0
        QC: Delta sim = 0.026608789896825746
    Iter = 100: LogL: 452892.37953690486, dataFit: 396831.67328083375, spaLap: 50085.541076109424, L21: 5975.165179961711, L1: 0, ardU: 0
        QC: Delta sim = 0.025864748924155967
    Iter = 101: LogL: 452722.07372657495, dataFit: 396593.43681258475, spaLap: 50151.663280756264, L21: 5976.97363323393, L1: 0, ardU: 0
        QC: Delta sim = 0.025123555548702436
    Iter = 102: LogL: 452556.8885456505, dataFit: 396361.6321130072, spaLap: 50216.492643919, L21: 5978.763788724317, L1: 0, ardU: 0
        QC: Delta sim = 0.024385021739336432
    Iter = 103: LogL: 452396.6208723945, dataFit: 396136.0985587281, spaLap: 50279.986340439864, L21: 5980.535973226497, L1: 0, ardU: 0
        QC: Delta sim = 0.023649008456534115
    Iter = 104: LogL: 452241.07708182035, dataFit: 395916.6564739329, spaLap: 50342.13016791706, L21: 5982.290439970371, L1: 0, ardU: 0
        QC: Delta sim = 0.02291539350648475
    Iter = 105: LogL: 452090.07200605434, dataFit: 395703.1170836569, spaLap: 50402.92753569841, L21: 5984.027386699055, L1: 0, ardU: 0
        QC: Delta sim = 0.022184075928834923
    Iter = 106: LogL: 451943.42928028264, dataFit: 395495.2886398632, spaLap: 50462.39366279566, L21: 5985.746977623783, L1: 0, ardU: 0
        QC: Delta sim = 0.02145497355316106
    Iter = 107: LogL: 451800.98119267053, dataFit: 395292.98021420476, spaLap: 50520.55162026726, L21: 5987.449358198515, L1: 0, ardU: 0
        QC: Delta sim = 0.020728019683937227
    Iter = 108: LogL: 451662.3154662365, dataFit: 395096.004037604, spaLap: 50577.176764196054, L21: 5989.134664436408, L1: 0, ardU: 0
        QC: Delta sim = 0.020003160228194927
    Iter = 109: LogL: 451522.43006290763, dataFit: 394904.16580133024, spaLap: 50627.461296524954, L21: 5990.802965052452, L1: 0, ardU: 0
        QC: Delta sim = 0.019280351500925164
    Iter = 110: LogL: 451386.1432195821, dataFit: 394717.06705806695, spaLap: 50676.62303736189, L21: 5992.453124153273, L1: 0, ardU: 0
        QC: Delta sim = 0.018559559842990514
    Iter = 111: LogL: 451253.4019301232, dataFit: 394534.6218020319, spaLap: 50724.69454464372, L21: 5994.085583447679, L1: 0, ardU: 0
        QC: Delta sim = 0.017840783136041094
    Iter = 112: LogL: 451124.096272457, dataFit: 394356.68442608556, spaLap: 50771.711265897786, L21: 5995.700580473625, L1: 0, ardU: 0
        QC: Delta sim = 0.017124022363882385
    Iter = 113: LogL: 450998.12435230106, dataFit: 394183.1099689861, spaLap: 50817.71604703392, L21: 5997.298336281119, L1: 0, ardU: 0
        QC: Delta sim = 0.016409262557923077
    Iter = 114: LogL: 450875.38639560045, dataFit: 394013.757147553, spaLap: 50862.750183887256, L21: 5998.8790641601845, L1: 0, ardU: 0
        QC: Delta sim = 0.015696492108506377
    Iter = 115: LogL: 450751.33322097675, dataFit: 393848.4890658263, spaLap: 50902.40118182011, L21: 6000.442973330303, L1: 0, ardU: 0
        QC: Delta sim = 0.014985705822211981
    Iter = 116: LogL: 450628.83126165747, dataFit: 393686.87936193135, spaLap: 50939.962924830535, L21: 6001.988974895586, L1: 0, ardU: 0
        QC: Delta sim = 0.014276905513099847
    Iter = 117: LogL: 450509.1515470865, dataFit: 393528.807924028, spaLap: 50976.826394650445, L21: 6003.517228408031, L1: 0, ardU: 0
        QC: Delta sim = 0.013570133365217674
    Iter = 118: LogL: 450392.29170777847, dataFit: 393374.20875469095, spaLap: 51013.054778185615, L21: 6005.028174901892, L1: 0, ardU: 0
        QC: Delta sim = 0.012865414023324584
    Iter = 119: LogL: 450278.2115580235, dataFit: 393222.9975062435, spaLap: 51048.69187381881, L21: 6006.52217796121, L1: 0, ardU: 0
        QC: Delta sim = 0.012162766210293718
    Iter = 120: LogL: 450166.855821773, dataFit: 393075.08955818287, spaLap: 51083.76668573259, L21: 6007.999577857548, L1: 0, ardU: 0
        QC: Delta sim = 0.011462213079763917
    Iter = 121: LogL: 450058.15999866906, dataFit: 392930.40042172256, spaLap: 51118.29888208219, L21: 6009.460694864315, L1: 0, ardU: 0
        QC: Delta sim = 0.010763781806326422
    Iter = 122: LogL: 449952.0546003692, dataFit: 392788.8459543339, spaLap: 51152.30281456343, L21: 6010.9058314718695, L1: 0, ardU: 0
        QC: Delta sim = 0.010067502426705455
    Iter = 123: LogL: 449848.4678972228, dataFit: 392650.3426512993, spaLap: 51185.78997139955, L21: 6012.33527452393, L1: 0, ardU: 0
        QC: Delta sim = 0.009373406774266901
    Iter = 124: LogL: 449747.32770125725, dataFit: 392514.8079520174, spaLap: 51218.77045205947, L21: 6013.749297180372, L1: 0, ardU: 0
        QC: Delta sim = 0.008681527590205962
    Iter = 125: LogL: 449648.5625093071, dataFit: 392382.160519923, spaLap: 51251.253828732544, L21: 6015.148160651562, L1: 0, ardU: 0
        QC: Delta sim = 0.007991897847778484
    Iter = 126: LogL: 449552.102219493, dataFit: 392252.32047904364, spaLap: 51283.24962475193, L21: 6016.532115697459, L1: 0, ardU: 0
        QC: Delta sim = 0.007304550324160941
    Iter = 127: LogL: 449457.8785622956, dataFit: 392125.2096040991, spaLap: 51314.767554285834, L21: 6017.901403910664, L1: 0, ardU: 0
        QC: Delta sim = 0.006619517430756061
    Iter = 128: LogL: 449365.8253408587, dataFit: 392000.75146745343, spaLap: 51345.81761459295, L21: 6019.256258812351, L1: 0, ardU: 0
        QC: Delta sim = 0.005936831275342391
    Iter = 129: LogL: 449275.8785444662, dataFit: 391878.8715482556, spaLap: 51376.41008941906, L21: 6020.596906791553, L1: 0, ardU: 0
        QC: Delta sim = 0.005256523892814391
    Iter = 130: LogL: 449187.9763786284, dataFit: 391759.4973090495, spaLap: 51406.5555016623, L21: 6021.923567916629, L1: 0, ardU: 0
        QC: Delta sim = 0.004578627557872972
    Iter = 131: LogL: 449102.0592415649, dataFit: 391642.5582445322, spaLap: 51436.26454038841, L21: 6023.236456644227, L1: 0, ardU: 0
        QC: Delta sim = 0.0039031750906832197
    Iter = 132: LogL: 449018.0696681048, dataFit: 391527.9859068198, spaLap: 51465.54797883898, L21: 6024.535782446034, L1: 0, ardU: 0
        QC: Delta sim = 0.0032302000843788536
    Iter = 133: LogL: 448934.48290341836, dataFit: 391415.71391156735, spaLap: 51492.947241484806, L21: 6025.821750366184, L1: 0, ardU: 0
        QC: Delta sim = 0.0025597370136111186
    Iter = 134: LogL: 448851.4672951147, dataFit: 391305.5359657619, spaLap: 51518.837462540345, L21: 6027.09386681244, L1: 0, ardU: 0
        QC: Delta sim = 0.0018918212164720227
    Iter = 135: LogL: 448770.14384916326, dataFit: 391197.3213970624, spaLap: 51544.47048977068, L21: 6028.351962330197, L1: 0, ardU: 0
        QC: Delta sim = 0.001226482944325702
    Iter = 136: LogL: 448690.50125848956, dataFit: 391091.0650059809, spaLap: 51569.83978002946, L21: 6029.596472479158, L1: 0, ardU: 0
        QC: Delta sim = 0.000563758758371502
    Iter = 137: LogL: 448612.5084453935, dataFit: 390986.73568265233, spaLap: 51594.945042711246, L21: 6030.827720029936, L1: 0, ardU: 0

  QC: Meet QC constraint: Delta sim = -9.631111918195767e-05
    Use results from last iteration

 Finished at 2023-08-16 11:37:57

